<?xml version="1.0" encoding="UTF-8"?>
<!-- Generated by org.testng.reporters.JUnitXMLReporter -->
<testsuite ignored="1" hostname="DESKTOP-B3B1BPQ" failures="0" tests="2" name="SubmitOrder Test" time="121.92" errors="0" timestamp="10 May 2023 22:47:49 GMT">
  <testcase classname="endtoend.tests.SubmitOrder" name="submitOrder" time="29.085"/>
  <testcase classname="endtoend.tests.SubmitOrder" name="submitOrder" time="15.408"/>
  <testcase classname="endtoend.tests.SubmitOrder" name="OrderHistoryTest" time="0.0">
    <ignored/>
  </testcase> <!-- OrderHistoryTest -->
</testsuite> <!-- SubmitOrder Test -->
