<?xml version="1.0" encoding="UTF-8"?>
<!-- Generated by org.testng.reporters.JUnitXMLReporter -->
<testsuite ignored="0" hostname="DESKTOP-B3B1BPQ" failures="0" tests="2" name="Error Validation Test" time="154.076" errors="0" timestamp="11 May 2023 00:58:29 GMT">
  <testcase classname="endtoend.tests.ErrorValidations" name="LoginErrorValidation" time="1.152"/>
  <testcase classname="endtoend.tests.ErrorValidations" name="ProductErrorValidation" time="7.814"/>
</testsuite> <!-- Error Validation Test -->
