<?xml version="1.0" encoding="UTF-8"?>
<!-- Generated by org.testng.reporters.JUnitXMLReporter -->
<testsuite ignored="0" hostname="DESKTOP-B3B1BPQ" failures="0" tests="3" name="SubmitOrder Test" time="223.735" errors="0" timestamp="11 May 2023 00:59:39 GMT">
  <testcase classname="endtoend.tests.SubmitOrder" name="submitOrder" time="23.477"/>
  <testcase classname="endtoend.tests.SubmitOrder" name="submitOrder" time="15.138"/>
  <testcase classname="endtoend.tests.SubmitOrder" name="OrderHistoryTest" time="7.298"/>
</testsuite> <!-- SubmitOrder Test -->
